Using pre-set license
Built from '2021.3/staging' branch; Version is '2021.3.23f1 (213b516bf396) revision 2177873'; Using compiler version '192829333'; Build Type 'Release'
OS: 'Windows 11  (10.0.22621) 64bit Core' Language: 'en' Physical Memory: 32675 MB
BatchMode: 1, IsHumanControllingUs: 0, StartBugReporterOnCrash: 0, Is64bit: 1, IsPro: 1

COMMAND LINE ARGUMENTS:
C:\Users\hstok\OneDrive\Skrivebord\Unity Editors\2021.3.23f1\Editor\Unity.exe
-adb2
-batchMode
-noUpm
-name
AssetImportWorker2
-projectPath
C:/Users/hstok/OneDrive/Skrivebord/Github/The-Beyonder/The-Beyonder/The Beyonder
-logFile
Logs/AssetImportWorker2.log
-srvPort
64030
Successfully changed project path to: C:/Users/hstok/OneDrive/Skrivebord/Github/The-Beyonder/The-Beyonder/The Beyonder
C:/Users/hstok/OneDrive/Skrivebord/Github/The-Beyonder/The-Beyonder/The Beyonder
[UnityMemory] Configuration Parameters - Can be set up in boot.config
    "memorysetup-bucket-allocator-granularity=16"
    "memorysetup-bucket-allocator-bucket-count=8"
    "memorysetup-bucket-allocator-block-size=33554432"
    "memorysetup-bucket-allocator-block-count=8"
    "memorysetup-main-allocator-block-size=16777216"
    "memorysetup-thread-allocator-block-size=16777216"
    "memorysetup-gfx-main-allocator-block-size=16777216"
    "memorysetup-gfx-thread-allocator-block-size=16777216"
    "memorysetup-cache-allocator-block-size=4194304"
    "memorysetup-typetree-allocator-block-size=2097152"
    "memorysetup-profiler-bucket-allocator-granularity=16"
    "memorysetup-profiler-bucket-allocator-bucket-count=8"
    "memorysetup-profiler-bucket-allocator-block-size=33554432"
    "memorysetup-profiler-bucket-allocator-block-count=8"
    "memorysetup-profiler-allocator-block-size=16777216"
    "memorysetup-profiler-editor-allocator-block-size=1048576"
    "memorysetup-temp-allocator-size-main=16777216"
    "memorysetup-job-temp-allocator-block-size=2097152"
    "memorysetup-job-temp-allocator-block-size-background=1048576"
    "memorysetup-job-temp-allocator-reduction-small-platforms=262144"
    "memorysetup-temp-allocator-size-background-worker=32768"
    "memorysetup-temp-allocator-size-job-worker=262144"
    "memorysetup-temp-allocator-size-preload-manager=33554432"
    "memorysetup-temp-allocator-size-nav-mesh-worker=65536"
    "memorysetup-temp-allocator-size-audio-worker=65536"
    "memorysetup-temp-allocator-size-cloud-worker=32768"
    "memorysetup-temp-allocator-size-gi-baking-worker=262144"
    "memorysetup-temp-allocator-size-gfx=262144"
Player connection [27576] Host "[IP] 192.168.0.105 [Port] 0 [Flags] 2 [Guid] 349523415 [EditorId] 349523415 [Version] 1048832 [Id] WindowsEditor(7,DESKTOP-CLI81U9) [Debug] 1 [PackageName] WindowsEditor [ProjectName] Editor" joined multi-casting on [225.0.0.222:54997]...

Player connection [27576] Host "[IP] 192.168.0.105 [Port] 0 [Flags] 2 [Guid] 349523415 [EditorId] 349523415 [Version] 1048832 [Id] WindowsEditor(7,DESKTOP-CLI81U9) [Debug] 1 [PackageName] WindowsEditor [ProjectName] Editor" joined alternative multi-casting on [225.0.0.222:34997]...

Refreshing native plugins compatible for Editor in 86.95 ms, found 4 plugins.
Preloading 0 native plugins for Editor in 0.00 ms.
Initialize engine version: 2021.3.23f1 (213b516bf396)
[Subsystems] Discovering subsystems at path C:/Users/hstok/OneDrive/Skrivebord/Unity Editors/2021.3.23f1/Editor/Data/Resources/UnitySubsystems
[Subsystems] Discovering subsystems at path C:/Users/hstok/OneDrive/Skrivebord/Github/The-Beyonder/The-Beyonder/The Beyonder/Assets
GfxDevice: creating device client; threaded=0; jobified=0
Direct3D:
    Version:  Direct3D 11.0 [level 11.1]
    Renderer: NVIDIA GeForce RTX 3060 Ti (ID=0x2489)
    Vendor:   NVIDIA
    VRAM:     8038 MB
    Driver:   31.0.15.2756
Initialize mono
Mono path[0] = 'C:/Users/hstok/OneDrive/Skrivebord/Unity Editors/2021.3.23f1/Editor/Data/Managed'
Mono path[1] = 'C:/Users/hstok/OneDrive/Skrivebord/Unity Editors/2021.3.23f1/Editor/Data/MonoBleedingEdge/lib/mono/unityjit-win32'
Mono config path = 'C:/Users/hstok/OneDrive/Skrivebord/Unity Editors/2021.3.23f1/Editor/Data/MonoBleedingEdge/etc'
Using monoOptions --debugger-agent=transport=dt_socket,embedding=1,server=y,suspend=n,address=127.0.0.1:56012
Begin MonoManager ReloadAssembly
Registering precompiled unity dll's ...
Register platform support module: C:/Users/hstok/OneDrive/Skrivebord/Unity Editors/2021.3.23f1/Editor/Data/PlaybackEngines/WindowsStandaloneSupport/UnityEditor.WindowsStandalone.Extensions.dll
Registered in 0.004437 seconds.
Native extension for WindowsStandalone target not found
Refreshing native plugins compatible for Editor in 70.39 ms, found 4 plugins.
Preloading 0 native plugins for Editor in 0.00 ms.
Mono: successfully reloaded assembly
- Completed reload, in  0.499 seconds
Domain Reload Profiling:
	ReloadAssembly (499ms)
		BeginReloadAssembly (64ms)
			ExecutionOrderSort (0ms)
			DisableScriptedObjects (0ms)
			BackupInstance (0ms)
			ReleaseScriptingObjects (0ms)
			CreateAndSetChildDomain (1ms)
		EndReloadAssembly (353ms)
			LoadAssemblies (62ms)
			RebuildTransferFunctionScriptingTraits (0ms)
			SetupTypeCache (73ms)
			ReleaseScriptCaches (0ms)
			RebuildScriptCaches (21ms)
			SetupLoadedEditorAssemblies (220ms)
				LogAssemblyErrors (0ms)
				InitializePlatformSupportModulesInManaged (6ms)
				SetLoadedEditorAssemblies (0ms)
				RefreshPlugins (70ms)
				BeforeProcessingInitializeOnLoad (1ms)
				ProcessInitializeOnLoadAttributes (108ms)
				ProcessInitializeOnLoadMethodAttributes (34ms)
				AfterProcessingInitializeOnLoad (0ms)
				EditorAssembliesLoaded (0ms)
			ExecutionOrderSort2 (0ms)
			AwakeInstancesAfterBackupRestoration (0ms)
Platform modules already initialized, skipping
Registering precompiled user dll's ...
Registered in 0.005986 seconds.
Begin MonoManager ReloadAssembly
Symbol file LoadedFromMemory doesn't match image C:\Users\hstok\OneDrive\Skrivebord\Github\The-Beyonder\The-Beyonder\The Beyonder\Library\PackageCache\com.unity.visualscripting@1.8.0\Editor\VisualScripting.Core\Dependencies\YamlDotNet\Unity.VisualScripting.YamlDotNet.dll
Symbol file LoadedFromMemory doesn't match image C:\Users\hstok\OneDrive\Skrivebord\Github\The-Beyonder\The-Beyonder\The Beyonder\Library\PackageCache\com.unity.visualscripting@1.8.0\Editor\VisualScripting.Core\Dependencies\DotNetZip\Unity.VisualScripting.IonicZip.dll
Native extension for WindowsStandalone target not found
Refreshing native plugins compatible for Editor in 69.87 ms, found 4 plugins.
Preloading 0 native plugins for Editor in 0.00 ms.
Mono: successfully reloaded assembly
- Completed reload, in  0.861 seconds
Domain Reload Profiling:
	ReloadAssembly (862ms)
		BeginReloadAssembly (94ms)
			ExecutionOrderSort (0ms)
			DisableScriptedObjects (4ms)
			BackupInstance (0ms)
			ReleaseScriptingObjects (0ms)
			CreateAndSetChildDomain (17ms)
		EndReloadAssembly (683ms)
			LoadAssemblies (71ms)
			RebuildTransferFunctionScriptingTraits (0ms)
			SetupTypeCache (167ms)
			ReleaseScriptCaches (1ms)
			RebuildScriptCaches (45ms)
			SetupLoadedEditorAssemblies (368ms)
				LogAssemblyErrors (0ms)
				InitializePlatformSupportModulesInManaged (3ms)
				SetLoadedEditorAssemblies (0ms)
				RefreshPlugins (70ms)
				BeforeProcessingInitializeOnLoad (76ms)
				ProcessInitializeOnLoadAttributes (183ms)
				ProcessInitializeOnLoadMethodAttributes (29ms)
				AfterProcessingInitializeOnLoad (7ms)
				EditorAssembliesLoaded (0ms)
			ExecutionOrderSort2 (0ms)
			AwakeInstancesAfterBackupRestoration (6ms)
Platform modules already initialized, skipping
========================================================================
Worker process is ready to serve import requests
Launched and connected shader compiler UnityShaderCompiler.exe after 0.04 seconds
Refreshing native plugins compatible for Editor in 0.90 ms, found 4 plugins.
Preloading 0 native plugins for Editor in 0.00 ms.
Unloading 3752 Unused Serialized files (Serialized files now loaded: 0)
Unloading 41 unused Assets / (229.3 KB). Loaded Objects now: 4206.
Memory consumption went from 145.0 MB to 144.8 MB.
Total: 3.052600 ms (FindLiveObjects: 0.267800 ms CreateObjectMapping: 0.165200 ms MarkObjects: 2.454800 ms  DeleteObjects: 0.164300 ms)

AssetImportParameters requested are different than current active one (requested -> active):
  custom:video-decoder-ogg-theora: a1e56fd34408186e4bbccfd4996cb3dc -> 
  custom:container-muxer-webm: aa71ff27fc2769a1b78a27578f13a17b -> 
  custom:container-demuxer-webm: 4f35f7cbe854078d1ac9338744f61a02 -> 
  custom:video-encoder-webm-vp8: eb34c28f22e8b96e1ab97ce403110664 -> 
  custom:audio-encoder-webm-vorbis: bf7c407c2cedff20999df2af8eb42d56 -> 
  custom:framework-win-MediaFoundation: 216162199b28c13a410421893ffa2e32 -> 
  custom:container-demuxer-ogg: 62fdf1f143b41e24485cea50d1cbac27 -> 
  custom:video-decoder-webm-vp8: 9c59270c3fd7afecdb556c50c9e8de78 -> 
  custom:audio-decoder-ogg-vorbis: bf7c407c2cedff20999df2af8eb42d56 -> 
========================================================================
Received Import Request.
  Time since last request: 79467.549723 seconds.
  path: Assets/Grass.asset
  artifactKey: Guid(d0e5e0c634002544da1a06ce942c90d5) Importer(815301076,1909f56bfc062723c751e8b465ee728b)
Start importing Assets/Grass.asset using Guid(d0e5e0c634002544da1a06ce942c90d5) Importer(815301076,1909f56bfc062723c751e8b465ee728b)  -> (artifact id: '0b00809fc17601f285465f4ae80de735') in 0.045338 seconds 
========================================================================
Received Import Request.
  Time since last request: 460.307727 seconds.
  path: Assets/grass.prefab
  artifactKey: Guid(06cda1d81e2b8dc4ebeb4a5467f2914b) Importer(815301076,1909f56bfc062723c751e8b465ee728b)
Start importing Assets/grass.prefab using Guid(06cda1d81e2b8dc4ebeb4a5467f2914b) Importer(815301076,1909f56bfc062723c751e8b465ee728b)  -> (artifact id: '73aa6a33879e3abf3d5ab11ef4a377e2') in 0.075759 seconds 
========================================================================
Received Import Request.
  Time since last request: 12.563152 seconds.
  path: Assets/grass.prefab
  artifactKey: Guid(06cda1d81e2b8dc4ebeb4a5467f2914b) Importer(815301076,1909f56bfc062723c751e8b465ee728b)
Start importing Assets/grass.prefab using Guid(06cda1d81e2b8dc4ebeb4a5467f2914b) Importer(815301076,1909f56bfc062723c751e8b465ee728b)  -> (artifact id: '541d65109387c5d29cd2e39009ee08e4') in 0.026004 seconds 
========================================================================
Received Import Request.
  Time since last request: 5.277531 seconds.
  path: Assets/grass.prefab
  artifactKey: Guid(06cda1d81e2b8dc4ebeb4a5467f2914b) Importer(815301076,1909f56bfc062723c751e8b465ee728b)
Start importing Assets/grass.prefab using Guid(06cda1d81e2b8dc4ebeb4a5467f2914b) Importer(815301076,1909f56bfc062723c751e8b465ee728b)  -> (artifact id: '65bf2cd278fd3c78b923ad941fcbb440') in 0.022034 seconds 
========================================================================
Received Import Request.
  Time since last request: 711.286651 seconds.
  path: Assets/grass.prefab
  artifactKey: Guid(06cda1d81e2b8dc4ebeb4a5467f2914b) Importer(815301076,1909f56bfc062723c751e8b465ee728b)
Start importing Assets/grass.prefab using Guid(06cda1d81e2b8dc4ebeb4a5467f2914b) Importer(815301076,1909f56bfc062723c751e8b465ee728b)  -> (artifact id: 'b49166b227dd3329a753c23104e0ce35') in 0.006758 seconds 
========================================================================
Received Prepare
Registering precompiled user dll's ...
Registered in 0.006292 seconds.
Begin MonoManager ReloadAssembly
Symbol file LoadedFromMemory doesn't match image C:\Users\hstok\OneDrive\Skrivebord\Github\The-Beyonder\The-Beyonder\The Beyonder\Library\PackageCache\com.unity.visualscripting@1.8.0\Editor\VisualScripting.Core\Dependencies\YamlDotNet\Unity.VisualScripting.YamlDotNet.dll
Symbol file LoadedFromMemory doesn't match image C:\Users\hstok\OneDrive\Skrivebord\Github\The-Beyonder\The-Beyonder\The Beyonder\Library\PackageCache\com.unity.visualscripting@1.8.0\Editor\VisualScripting.Core\Dependencies\DotNetZip\Unity.VisualScripting.IonicZip.dll
Native extension for WindowsStandalone target not found
Refreshing native plugins compatible for Editor in 0.81 ms, found 4 plugins.
Preloading 0 native plugins for Editor in 0.00 ms.
Mono: successfully reloaded assembly
- Completed reload, in  0.787 seconds
Domain Reload Profiling:
	ReloadAssembly (787ms)
		BeginReloadAssembly (118ms)
			ExecutionOrderSort (0ms)
			DisableScriptedObjects (5ms)
			BackupInstance (0ms)
			ReleaseScriptingObjects (0ms)
			CreateAndSetChildDomain (33ms)
		EndReloadAssembly (583ms)
			LoadAssemblies (78ms)
			RebuildTransferFunctionScriptingTraits (0ms)
			SetupTypeCache (166ms)
			ReleaseScriptCaches (1ms)
			RebuildScriptCaches (34ms)
			SetupLoadedEditorAssemblies (275ms)
				LogAssemblyErrors (0ms)
				InitializePlatformSupportModulesInManaged (5ms)
				SetLoadedEditorAssemblies (0ms)
				RefreshPlugins (1ms)
				BeforeProcessingInitializeOnLoad (65ms)
				ProcessInitializeOnLoadAttributes (168ms)
				ProcessInitializeOnLoadMethodAttributes (28ms)
				AfterProcessingInitializeOnLoad (7ms)
				EditorAssembliesLoaded (0ms)
			ExecutionOrderSort2 (0ms)
			AwakeInstancesAfterBackupRestoration (5ms)
Platform modules already initialized, skipping
Refreshing native plugins compatible for Editor in 2.38 ms, found 4 plugins.
Preloading 0 native plugins for Editor in 0.00 ms.
Unloading 3746 Unused Serialized files (Serialized files now loaded: 0)
Unloading 28 unused Assets / (195.7 KB). Loaded Objects now: 4217.
Memory consumption went from 148.9 MB to 148.7 MB.
Total: 2.763200 ms (FindLiveObjects: 0.232100 ms CreateObjectMapping: 0.139100 ms MarkObjects: 2.263500 ms  DeleteObjects: 0.127700 ms)

AssetImportParameters requested are different than current active one (requested -> active):
  custom:video-decoder-ogg-theora: a1e56fd34408186e4bbccfd4996cb3dc -> 
  custom:container-muxer-webm: aa71ff27fc2769a1b78a27578f13a17b -> 
  custom:container-demuxer-webm: 4f35f7cbe854078d1ac9338744f61a02 -> 
  custom:video-encoder-webm-vp8: eb34c28f22e8b96e1ab97ce403110664 -> 
  custom:audio-encoder-webm-vorbis: bf7c407c2cedff20999df2af8eb42d56 -> 
  custom:framework-win-MediaFoundation: 216162199b28c13a410421893ffa2e32 -> 
  custom:container-demuxer-ogg: 62fdf1f143b41e24485cea50d1cbac27 -> 
  custom:video-decoder-webm-vp8: 9c59270c3fd7afecdb556c50c9e8de78 -> 
  custom:audio-decoder-ogg-vorbis: bf7c407c2cedff20999df2af8eb42d56 -> 
========================================================================
Received Prepare
Registering precompiled user dll's ...
Registered in 0.005267 seconds.
Begin MonoManager ReloadAssembly
Symbol file LoadedFromMemory doesn't match image C:\Users\hstok\OneDrive\Skrivebord\Github\The-Beyonder\The-Beyonder\The Beyonder\Library\PackageCache\com.unity.visualscripting@1.8.0\Editor\VisualScripting.Core\Dependencies\YamlDotNet\Unity.VisualScripting.YamlDotNet.dll
Symbol file LoadedFromMemory doesn't match image C:\Users\hstok\OneDrive\Skrivebord\Github\The-Beyonder\The-Beyonder\The Beyonder\Library\PackageCache\com.unity.visualscripting@1.8.0\Editor\VisualScripting.Core\Dependencies\DotNetZip\Unity.VisualScripting.IonicZip.dll
Native extension for WindowsStandalone target not found
Refreshing native plugins compatible for Editor in 0.85 ms, found 4 plugins.
Preloading 0 native plugins for Editor in 0.00 ms.
Mono: successfully reloaded assembly
- Completed reload, in  0.785 seconds
Domain Reload Profiling:
	ReloadAssembly (785ms)
		BeginReloadAssembly (120ms)
			ExecutionOrderSort (0ms)
			DisableScriptedObjects (7ms)
			BackupInstance (0ms)
			ReleaseScriptingObjects (0ms)
			CreateAndSetChildDomain (31ms)
		EndReloadAssembly (582ms)
			LoadAssemblies (80ms)
			RebuildTransferFunctionScriptingTraits (0ms)
			SetupTypeCache (169ms)
			ReleaseScriptCaches (2ms)
			RebuildScriptCaches (36ms)
			SetupLoadedEditorAssemblies (270ms)
				LogAssemblyErrors (0ms)
				InitializePlatformSupportModulesInManaged (5ms)
				SetLoadedEditorAssemblies (0ms)
				RefreshPlugins (1ms)
				BeforeProcessingInitializeOnLoad (61ms)
				ProcessInitializeOnLoadAttributes (170ms)
				ProcessInitializeOnLoadMethodAttributes (26ms)
				AfterProcessingInitializeOnLoad (7ms)
				EditorAssembliesLoaded (0ms)
			ExecutionOrderSort2 (0ms)
			AwakeInstancesAfterBackupRestoration (6ms)
Platform modules already initialized, skipping
Refreshing native plugins compatible for Editor in 2.30 ms, found 4 plugins.
Preloading 0 native plugins for Editor in 0.00 ms.
Unloading 3746 Unused Serialized files (Serialized files now loaded: 0)
Unloading 28 unused Assets / (195.7 KB). Loaded Objects now: 4220.
Memory consumption went from 148.9 MB to 148.7 MB.
Total: 2.708600 ms (FindLiveObjects: 0.227400 ms CreateObjectMapping: 0.071600 ms MarkObjects: 2.280600 ms  DeleteObjects: 0.128400 ms)

AssetImportParameters requested are different than current active one (requested -> active):
  custom:video-decoder-ogg-theora: a1e56fd34408186e4bbccfd4996cb3dc -> 
  custom:container-muxer-webm: aa71ff27fc2769a1b78a27578f13a17b -> 
  custom:container-demuxer-webm: 4f35f7cbe854078d1ac9338744f61a02 -> 
  custom:video-encoder-webm-vp8: eb34c28f22e8b96e1ab97ce403110664 -> 
  custom:audio-encoder-webm-vorbis: bf7c407c2cedff20999df2af8eb42d56 -> 
  custom:framework-win-MediaFoundation: 216162199b28c13a410421893ffa2e32 -> 
  custom:container-demuxer-ogg: 62fdf1f143b41e24485cea50d1cbac27 -> 
  custom:video-decoder-webm-vp8: 9c59270c3fd7afecdb556c50c9e8de78 -> 
  custom:audio-decoder-ogg-vorbis: bf7c407c2cedff20999df2af8eb42d56 -> 
========================================================================
Received Import Request.
  Time since last request: 365.741519 seconds.
  path: Assets/corrupted Grass.prefab
  artifactKey: Guid(bba588bb89eed7647ada01253ea981d4) Importer(815301076,1909f56bfc062723c751e8b465ee728b)
Start importing Assets/corrupted Grass.prefab using Guid(bba588bb89eed7647ada01253ea981d4) Importer(815301076,1909f56bfc062723c751e8b465ee728b)  -> (artifact id: 'cfb38a83605c9dff25dafa47f2ca1c63') in 0.048066 seconds 
========================================================================
Received Import Request.
  Time since last request: 5.996156 seconds.
  path: Assets/Grass 1.asset
  artifactKey: Guid(7b6ef0496fd1f6e4f9f0d895d5d9e27c) Importer(815301076,1909f56bfc062723c751e8b465ee728b)
Start importing Assets/Grass 1.asset using Guid(7b6ef0496fd1f6e4f9f0d895d5d9e27c) Importer(815301076,1909f56bfc062723c751e8b465ee728b)  -> (artifact id: 'a13ef3527a7e144ee6aedc4b391cb10c') in 0.021990 seconds 
========================================================================
Received Import Request.
  Time since last request: 0.000016 seconds.
  path: Assets/grass.prefab
  artifactKey: Guid(06cda1d81e2b8dc4ebeb4a5467f2914b) Importer(815301076,1909f56bfc062723c751e8b465ee728b)
Start importing Assets/grass.prefab using Guid(06cda1d81e2b8dc4ebeb4a5467f2914b) Importer(815301076,1909f56bfc062723c751e8b465ee728b)  -> (artifact id: '29ee9eac19427c377e4ad000b0a15e5f') in 0.014294 seconds 
========================================================================
Received Import Request.
  Time since last request: 5.450357 seconds.
  path: Assets/Corrupted Grass.asset
  artifactKey: Guid(7b6ef0496fd1f6e4f9f0d895d5d9e27c) Importer(815301076,1909f56bfc062723c751e8b465ee728b)
Start importing Assets/Corrupted Grass.asset using Guid(7b6ef0496fd1f6e4f9f0d895d5d9e27c) Importer(815301076,1909f56bfc062723c751e8b465ee728b)  -> (artifact id: '384ac569a3dcdc1fc7370ae6433806ee') in 0.009669 seconds 
========================================================================
Received Import Request.
  Time since last request: 163.041581 seconds.
  path: Assets/grass_tileset_16x16 (corrupted, not as in the file is corrupted, just black and white).png
  artifactKey: Guid(a3d54faeab98ddc4db6d9b7f89eec820) Importer(815301076,1909f56bfc062723c751e8b465ee728b)
Start importing Assets/grass_tileset_16x16 (corrupted, not as in the file is corrupted, just black and white).png using Guid(a3d54faeab98ddc4db6d9b7f89eec820) Importer(815301076,1909f56bfc062723c751e8b465ee728b)  -> (artifact id: '56f04a0c6af202d5077ad642ca125c7d') in 0.045307 seconds 
========================================================================
Received Import Request.
  Time since last request: 14.451833 seconds.
  path: Assets/grass_tileset_16x16 (corrupted, not as in the file is corrupted, just black and white).png
  artifactKey: Guid(a3d54faeab98ddc4db6d9b7f89eec820) Importer(815301076,1909f56bfc062723c751e8b465ee728b)
Start importing Assets/grass_tileset_16x16 (corrupted, not as in the file is corrupted, just black and white).png using Guid(a3d54faeab98ddc4db6d9b7f89eec820) Importer(815301076,1909f56bfc062723c751e8b465ee728b)  -> (artifact id: '56a3aee6e9b56dd7c0bd9fb1be7e0a7c') in 0.008660 seconds 
========================================================================
Received Import Request.
  Time since last request: 4.686416 seconds.
  path: Assets/grass_tileset_16x16 (corrupted, not as in the file is corrupted, just black and white).png
  artifactKey: Guid(a3d54faeab98ddc4db6d9b7f89eec820) Importer(815301076,1909f56bfc062723c751e8b465ee728b)
Start importing Assets/grass_tileset_16x16 (corrupted, not as in the file is corrupted, just black and white).png using Guid(a3d54faeab98ddc4db6d9b7f89eec820) Importer(815301076,1909f56bfc062723c751e8b465ee728b)  -> (artifact id: 'b940f2f17b317100f7e2262db245fba1') in 0.008530 seconds 
========================================================================
Received Import Request.
  Time since last request: 9.597938 seconds.
  path: Assets/grass_tileset_16x16 (corrupted, not as in the file is corrupted, just black and white).png
  artifactKey: Guid(a3d54faeab98ddc4db6d9b7f89eec820) Importer(815301076,1909f56bfc062723c751e8b465ee728b)
Start importing Assets/grass_tileset_16x16 (corrupted, not as in the file is corrupted, just black and white).png using Guid(a3d54faeab98ddc4db6d9b7f89eec820) Importer(815301076,1909f56bfc062723c751e8b465ee728b)  -> (artifact id: '81f5d7965ff91cdea428526aeaaf78cb') in 0.008273 seconds 
========================================================================
Received Import Request.
  Time since last request: 41.431050 seconds.
  path: Assets/grass_tileset_16x16 (corrupted, not as in the file is corrupted, just black and white).png
  artifactKey: Guid(a3d54faeab98ddc4db6d9b7f89eec820) Importer(815301076,1909f56bfc062723c751e8b465ee728b)
Start importing Assets/grass_tileset_16x16 (corrupted, not as in the file is corrupted, just black and white).png using Guid(a3d54faeab98ddc4db6d9b7f89eec820) Importer(815301076,1909f56bfc062723c751e8b465ee728b)  -> (artifact id: 'ea24b972a18583cba9a553bd10583967') in 0.017047 seconds 
========================================================================
Received Import Request.
  Time since last request: 12.169925 seconds.
  path: Assets/grass_tileset_16x16 (corrupted, not as in the file is corrupted, just black and white).png
  artifactKey: Guid(a3d54faeab98ddc4db6d9b7f89eec820) Importer(815301076,1909f56bfc062723c751e8b465ee728b)
Start importing Assets/grass_tileset_16x16 (corrupted, not as in the file is corrupted, just black and white).png using Guid(a3d54faeab98ddc4db6d9b7f89eec820) Importer(815301076,1909f56bfc062723c751e8b465ee728b)  -> (artifact id: 'f2a9e577b0444c851d5adaa2e9dda60a') in 0.008341 seconds 
========================================================================
Received Import Request.
  Time since last request: 5.504364 seconds.
  path: Assets/grass_tileset_16x16 (corrupted, not as in the file is corrupted, just black and white).png
  artifactKey: Guid(a3d54faeab98ddc4db6d9b7f89eec820) Importer(815301076,1909f56bfc062723c751e8b465ee728b)
Start importing Assets/grass_tileset_16x16 (corrupted, not as in the file is corrupted, just black and white).png using Guid(a3d54faeab98ddc4db6d9b7f89eec820) Importer(815301076,1909f56bfc062723c751e8b465ee728b)  -> (artifact id: 'be8728be3680c9d240657cfc734f0cad') in 0.008667 seconds 
========================================================================
Received Import Request.
  Time since last request: 10.152979 seconds.
  path: Assets/grass_tileset_16x16 (corrupted, not as in the file is corrupted, just black and white).png
  artifactKey: Guid(a3d54faeab98ddc4db6d9b7f89eec820) Importer(815301076,1909f56bfc062723c751e8b465ee728b)
Start importing Assets/grass_tileset_16x16 (corrupted, not as in the file is corrupted, just black and white).png using Guid(a3d54faeab98ddc4db6d9b7f89eec820) Importer(815301076,1909f56bfc062723c751e8b465ee728b)  -> (artifact id: '7a332407a6cb080fcfa5816450560bc7') in 0.079200 seconds 
========================================================================
Received Import Request.
  Time since last request: 64.273740 seconds.
  path: Assets/corrupted Grass.prefab
  artifactKey: Guid(bba588bb89eed7647ada01253ea981d4) Importer(815301076,1909f56bfc062723c751e8b465ee728b)
Start importing Assets/corrupted Grass.prefab using Guid(bba588bb89eed7647ada01253ea981d4) Importer(815301076,1909f56bfc062723c751e8b465ee728b)  -> (artifact id: 'e6ba1c4c0d0c1ba3cc2a4f2bfc064a4c') in 0.010475 seconds 
========================================================================
Received Import Request.
  Time since last request: 65.431038 seconds.
  path: Assets/Corrupted Grass 1.asset
  artifactKey: Guid(d6224e15e6ad2ef468b9c08e820232a3) Importer(815301076,1909f56bfc062723c751e8b465ee728b)
Start importing Assets/Corrupted Grass 1.asset using Guid(d6224e15e6ad2ef468b9c08e820232a3) Importer(815301076,1909f56bfc062723c751e8b465ee728b)  -> (artifact id: '168baceba746389b5ee9da91b85ca5a5') in 0.008838 seconds 
========================================================================
Received Import Request.
  Time since last request: 0.000014 seconds.
  path: Assets/corrupted Grass.prefab
  artifactKey: Guid(bba588bb89eed7647ada01253ea981d4) Importer(815301076,1909f56bfc062723c751e8b465ee728b)
Start importing Assets/corrupted Grass.prefab using Guid(bba588bb89eed7647ada01253ea981d4) Importer(815301076,1909f56bfc062723c751e8b465ee728b)  -> (artifact id: 'd4cfe0628f1d4b61d7871a63eee0023f') in 0.009700 seconds 
========================================================================
Received Import Request.
  Time since last request: 6.401772 seconds.
  path: Assets/Corrupted Grass Darker.asset
  artifactKey: Guid(d6224e15e6ad2ef468b9c08e820232a3) Importer(815301076,1909f56bfc062723c751e8b465ee728b)
Start importing Assets/Corrupted Grass Darker.asset using Guid(d6224e15e6ad2ef468b9c08e820232a3) Importer(815301076,1909f56bfc062723c751e8b465ee728b)  -> (artifact id: '0c3a4ceea80104450d2c30886ec8985c') in 0.008913 seconds 
========================================================================
Received Import Request.
  Time since last request: 91.796936 seconds.
  path: Assets/corrupted Grass.prefab
  artifactKey: Guid(bba588bb89eed7647ada01253ea981d4) Importer(815301076,1909f56bfc062723c751e8b465ee728b)
Start importing Assets/corrupted Grass.prefab using Guid(bba588bb89eed7647ada01253ea981d4) Importer(815301076,1909f56bfc062723c751e8b465ee728b)  -> (artifact id: '7c8cba2095110019ccfa5f730cc5e419') in 0.010158 seconds 
========================================================================
Received Prepare
Registering precompiled user dll's ...
Registered in 0.005425 seconds.
Begin MonoManager ReloadAssembly
Symbol file LoadedFromMemory doesn't match image C:\Users\hstok\OneDrive\Skrivebord\Github\The-Beyonder\The-Beyonder\The Beyonder\Library\PackageCache\com.unity.visualscripting@1.8.0\Editor\VisualScripting.Core\Dependencies\YamlDotNet\Unity.VisualScripting.YamlDotNet.dll
Symbol file LoadedFromMemory doesn't match image C:\Users\hstok\OneDrive\Skrivebord\Github\The-Beyonder\The-Beyonder\The Beyonder\Library\PackageCache\com.unity.visualscripting@1.8.0\Editor\VisualScripting.Core\Dependencies\DotNetZip\Unity.VisualScripting.IonicZip.dll
Native extension for WindowsStandalone target not found
Refreshing native plugins compatible for Editor in 0.75 ms, found 4 plugins.
Preloading 0 native plugins for Editor in 0.00 ms.
Mono: successfully reloaded assembly
- Completed reload, in  0.793 seconds
Domain Reload Profiling:
	ReloadAssembly (793ms)
		BeginReloadAssembly (123ms)
			ExecutionOrderSort (0ms)
			DisableScriptedObjects (6ms)
			BackupInstance (0ms)
			ReleaseScriptingObjects (0ms)
			CreateAndSetChildDomain (34ms)
		EndReloadAssembly (592ms)
			LoadAssemblies (84ms)
			RebuildTransferFunctionScriptingTraits (0ms)
			SetupTypeCache (163ms)
			ReleaseScriptCaches (1ms)
			RebuildScriptCaches (36ms)
			SetupLoadedEditorAssemblies (276ms)
				LogAssemblyErrors (0ms)
				InitializePlatformSupportModulesInManaged (4ms)
				SetLoadedEditorAssemblies (0ms)
				RefreshPlugins (1ms)
				BeforeProcessingInitializeOnLoad (61ms)
				ProcessInitializeOnLoadAttributes (172ms)
				ProcessInitializeOnLoadMethodAttributes (30ms)
				AfterProcessingInitializeOnLoad (8ms)
				EditorAssembliesLoaded (0ms)
			ExecutionOrderSort2 (0ms)
			AwakeInstancesAfterBackupRestoration (6ms)
Platform modules already initialized, skipping
Refreshing native plugins compatible for Editor in 2.15 ms, found 4 plugins.
Preloading 0 native plugins for Editor in 0.00 ms.
Unloading 3746 Unused Serialized files (Serialized files now loaded: 0)
Unloading 28 unused Assets / (195.7 KB). Loaded Objects now: 4229.
Memory consumption went from 149.0 MB to 148.8 MB.
Total: 2.712400 ms (FindLiveObjects: 0.235900 ms CreateObjectMapping: 0.147500 ms MarkObjects: 2.195300 ms  DeleteObjects: 0.133000 ms)

AssetImportParameters requested are different than current active one (requested -> active):
  custom:video-decoder-ogg-theora: a1e56fd34408186e4bbccfd4996cb3dc -> 
  custom:container-muxer-webm: aa71ff27fc2769a1b78a27578f13a17b -> 
  custom:container-demuxer-webm: 4f35f7cbe854078d1ac9338744f61a02 -> 
  custom:video-encoder-webm-vp8: eb34c28f22e8b96e1ab97ce403110664 -> 
  custom:audio-encoder-webm-vorbis: bf7c407c2cedff20999df2af8eb42d56 -> 
  custom:framework-win-MediaFoundation: 216162199b28c13a410421893ffa2e32 -> 
  custom:container-demuxer-ogg: 62fdf1f143b41e24485cea50d1cbac27 -> 
  custom:video-decoder-webm-vp8: 9c59270c3fd7afecdb556c50c9e8de78 -> 
  custom:audio-decoder-ogg-vorbis: bf7c407c2cedff20999df2af8eb42d56 -> 
========================================================================
Received Import Request.
  Time since last request: 118.413933 seconds.
  path: Packages/com.unity.2d.sprite/Editor/ObjectMenuCreation/DefaultAssets/Textures/v2/9Sliced.png
  artifactKey: Guid(8884154dfe85442a3a3578be807dbcdf) Importer(815301076,1909f56bfc062723c751e8b465ee728b)
Start importing Packages/com.unity.2d.sprite/Editor/ObjectMenuCreation/DefaultAssets/Textures/v2/9Sliced.png using Guid(8884154dfe85442a3a3578be807dbcdf) Importer(815301076,1909f56bfc062723c751e8b465ee728b)  -> (artifact id: '0aa47e93afcb2480c55346847b1176a4') in 0.070063 seconds 
========================================================================
Received Import Request.
  Time since last request: 0.000017 seconds.
  path: Packages/com.unity.2d.sprite/Editor/ObjectMenuCreation/DefaultAssets/Textures/v2/HexagonPointedTop.png
  artifactKey: Guid(5aa8b770bc43046bc8d993d0d5b7f4a5) Importer(815301076,1909f56bfc062723c751e8b465ee728b)
Start importing Packages/com.unity.2d.sprite/Editor/ObjectMenuCreation/DefaultAssets/Textures/v2/HexagonPointedTop.png using Guid(5aa8b770bc43046bc8d993d0d5b7f4a5) Importer(815301076,1909f56bfc062723c751e8b465ee728b)  -> (artifact id: 'ca97dce4a73fbe8155f7f2033063a179') in 0.021670 seconds 
========================================================================
Received Import Request.
  Time since last request: 0.000018 seconds.
  path: Packages/com.unity.2d.sprite/Editor/ObjectMenuCreation/DefaultAssets/Textures/v2/Triangle.png
  artifactKey: Guid(75f5f34dc1b5347e0b8351032682f224) Importer(815301076,1909f56bfc062723c751e8b465ee728b)
Start importing Packages/com.unity.2d.sprite/Editor/ObjectMenuCreation/DefaultAssets/Textures/v2/Triangle.png using Guid(75f5f34dc1b5347e0b8351032682f224) Importer(815301076,1909f56bfc062723c751e8b465ee728b)  -> (artifact id: '488b992d261339f1ce8ce0052330308d') in 0.028507 seconds 
========================================================================
Received Import Request.
  Time since last request: 0.000015 seconds.
  path: Packages/com.unity.2d.sprite/Editor/ObjectMenuCreation/DefaultAssets/Textures/v2/Circle.png
  artifactKey: Guid(a86470a33a6bf42c4b3595704624658b) Importer(815301076,1909f56bfc062723c751e8b465ee728b)
Start importing Packages/com.unity.2d.sprite/Editor/ObjectMenuCreation/DefaultAssets/Textures/v2/Circle.png using Guid(a86470a33a6bf42c4b3595704624658b) Importer(815301076,1909f56bfc062723c751e8b465ee728b)  -> (artifact id: 'e7b14d59fbdad8876a47eca8c5d86b30') in 0.016584 seconds 
Editor requested this worker to shutdown with reason: Scaling down because of idle timeout
AssetImportWorker is now disconnected from the server
Process exiting
Exiting without the bug reporter. Application will terminate with return code 0