Using pre-set license
Built from '2021.3/staging' branch; Version is '2021.3.23f1 (213b516bf396) revision 2177873'; Using compiler version '192829333'; Build Type 'Release'
OS: 'Windows 11  (10.0.22621) 64bit Core' Language: 'en' Physical Memory: 32675 MB
BatchMode: 1, IsHumanControllingUs: 0, StartBugReporterOnCrash: 0, Is64bit: 1, IsPro: 1

COMMAND LINE ARGUMENTS:
C:\Users\hstok\OneDrive\Skrivebord\Unity Editors\2021.3.23f1\Editor\Unity.exe
-adb2
-batchMode
-noUpm
-name
AssetImportWorker1
-projectPath
C:/Users/hstok/OneDrive/Skrivebord/Github/The-Beyonder/The-Beyonder/The Beyonder
-logFile
Logs/AssetImportWorker1.log
-srvPort
64030
Successfully changed project path to: C:/Users/hstok/OneDrive/Skrivebord/Github/The-Beyonder/The-Beyonder/The Beyonder
C:/Users/hstok/OneDrive/Skrivebord/Github/The-Beyonder/The-Beyonder/The Beyonder
[UnityMemory] Configuration Parameters - Can be set up in boot.config
    "memorysetup-bucket-allocator-granularity=16"
    "memorysetup-bucket-allocator-bucket-count=8"
    "memorysetup-bucket-allocator-block-size=33554432"
    "memorysetup-bucket-allocator-block-count=8"
    "memorysetup-main-allocator-block-size=16777216"
    "memorysetup-thread-allocator-block-size=16777216"
    "memorysetup-gfx-main-allocator-block-size=16777216"
    "memorysetup-gfx-thread-allocator-block-size=16777216"
    "memorysetup-cache-allocator-block-size=4194304"
    "memorysetup-typetree-allocator-block-size=2097152"
    "memorysetup-profiler-bucket-allocator-granularity=16"
    "memorysetup-profiler-bucket-allocator-bucket-count=8"
    "memorysetup-profiler-bucket-allocator-block-size=33554432"
    "memorysetup-profiler-bucket-allocator-block-count=8"
    "memorysetup-profiler-allocator-block-size=16777216"
    "memorysetup-profiler-editor-allocator-block-size=1048576"
    "memorysetup-temp-allocator-size-main=16777216"
    "memorysetup-job-temp-allocator-block-size=2097152"
    "memorysetup-job-temp-allocator-block-size-background=1048576"
    "memorysetup-job-temp-allocator-reduction-small-platforms=262144"
    "memorysetup-temp-allocator-size-background-worker=32768"
    "memorysetup-temp-allocator-size-job-worker=262144"
    "memorysetup-temp-allocator-size-preload-manager=33554432"
    "memorysetup-temp-allocator-size-nav-mesh-worker=65536"
    "memorysetup-temp-allocator-size-audio-worker=65536"
    "memorysetup-temp-allocator-size-cloud-worker=32768"
    "memorysetup-temp-allocator-size-gi-baking-worker=262144"
    "memorysetup-temp-allocator-size-gfx=262144"
Player connection [10756] Host "[IP] 192.168.0.105 [Port] 0 [Flags] 2 [Guid] 1911184584 [EditorId] 1911184584 [Version] 1048832 [Id] WindowsEditor(7,DESKTOP-CLI81U9) [Debug] 1 [PackageName] WindowsEditor [ProjectName] Editor" joined multi-casting on [225.0.0.222:54997]...

Player connection [10756] Host "[IP] 192.168.0.105 [Port] 0 [Flags] 2 [Guid] 1911184584 [EditorId] 1911184584 [Version] 1048832 [Id] WindowsEditor(7,DESKTOP-CLI81U9) [Debug] 1 [PackageName] WindowsEditor [ProjectName] Editor" joined alternative multi-casting on [225.0.0.222:34997]...

Refreshing native plugins compatible for Editor in 100.04 ms, found 4 plugins.
Preloading 0 native plugins for Editor in 0.00 ms.
Initialize engine version: 2021.3.23f1 (213b516bf396)
[Subsystems] Discovering subsystems at path C:/Users/hstok/OneDrive/Skrivebord/Unity Editors/2021.3.23f1/Editor/Data/Resources/UnitySubsystems
[Subsystems] Discovering subsystems at path C:/Users/hstok/OneDrive/Skrivebord/Github/The-Beyonder/The-Beyonder/The Beyonder/Assets
GfxDevice: creating device client; threaded=0; jobified=0
Direct3D:
    Version:  Direct3D 11.0 [level 11.1]
    Renderer: NVIDIA GeForce RTX 3060 Ti (ID=0x2489)
    Vendor:   NVIDIA
    VRAM:     8038 MB
    Driver:   31.0.15.2756
Initialize mono
Mono path[0] = 'C:/Users/hstok/OneDrive/Skrivebord/Unity Editors/2021.3.23f1/Editor/Data/Managed'
Mono path[1] = 'C:/Users/hstok/OneDrive/Skrivebord/Unity Editors/2021.3.23f1/Editor/Data/MonoBleedingEdge/lib/mono/unityjit-win32'
Mono config path = 'C:/Users/hstok/OneDrive/Skrivebord/Unity Editors/2021.3.23f1/Editor/Data/MonoBleedingEdge/etc'
Using monoOptions --debugger-agent=transport=dt_socket,embedding=1,server=y,suspend=n,address=127.0.0.1:56964
Begin MonoManager ReloadAssembly
Registering precompiled unity dll's ...
Register platform support module: C:/Users/hstok/OneDrive/Skrivebord/Unity Editors/2021.3.23f1/Editor/Data/PlaybackEngines/WindowsStandaloneSupport/UnityEditor.WindowsStandalone.Extensions.dll
Registered in 0.004466 seconds.
Native extension for WindowsStandalone target not found
Refreshing native plugins compatible for Editor in 81.64 ms, found 4 plugins.
Preloading 0 native plugins for Editor in 0.00 ms.
Mono: successfully reloaded assembly
- Completed reload, in  0.540 seconds
Domain Reload Profiling:
	ReloadAssembly (541ms)
		BeginReloadAssembly (62ms)
			ExecutionOrderSort (0ms)
			DisableScriptedObjects (0ms)
			BackupInstance (0ms)
			ReleaseScriptingObjects (0ms)
			CreateAndSetChildDomain (1ms)
		EndReloadAssembly (399ms)
			LoadAssemblies (60ms)
			RebuildTransferFunctionScriptingTraits (0ms)
			SetupTypeCache (93ms)
			ReleaseScriptCaches (0ms)
			RebuildScriptCaches (21ms)
			SetupLoadedEditorAssemblies (242ms)
				LogAssemblyErrors (0ms)
				InitializePlatformSupportModulesInManaged (6ms)
				SetLoadedEditorAssemblies (0ms)
				RefreshPlugins (82ms)
				BeforeProcessingInitializeOnLoad (1ms)
				ProcessInitializeOnLoadAttributes (115ms)
				ProcessInitializeOnLoadMethodAttributes (38ms)
				AfterProcessingInitializeOnLoad (0ms)
				EditorAssembliesLoaded (0ms)
			ExecutionOrderSort2 (0ms)
			AwakeInstancesAfterBackupRestoration (0ms)
Platform modules already initialized, skipping
Registering precompiled user dll's ...
Registered in 0.007051 seconds.
Begin MonoManager ReloadAssembly
Symbol file LoadedFromMemory doesn't match image C:\Users\hstok\OneDrive\Skrivebord\Github\The-Beyonder\The-Beyonder\The Beyonder\Library\PackageCache\com.unity.visualscripting@1.8.0\Editor\VisualScripting.Core\Dependencies\YamlDotNet\Unity.VisualScripting.YamlDotNet.dll
Symbol file LoadedFromMemory doesn't match image C:\Users\hstok\OneDrive\Skrivebord\Github\The-Beyonder\The-Beyonder\The Beyonder\Library\PackageCache\com.unity.visualscripting@1.8.0\Editor\VisualScripting.Core\Dependencies\DotNetZip\Unity.VisualScripting.IonicZip.dll
Native extension for WindowsStandalone target not found
Refreshing native plugins compatible for Editor in 76.35 ms, found 4 plugins.
Preloading 0 native plugins for Editor in 0.00 ms.
Mono: successfully reloaded assembly
- Completed reload, in  0.881 seconds
Domain Reload Profiling:
	ReloadAssembly (881ms)
		BeginReloadAssembly (109ms)
			ExecutionOrderSort (0ms)
			DisableScriptedObjects (5ms)
			BackupInstance (0ms)
			ReleaseScriptingObjects (0ms)
			CreateAndSetChildDomain (18ms)
		EndReloadAssembly (682ms)
			LoadAssemblies (74ms)
			RebuildTransferFunctionScriptingTraits (0ms)
			SetupTypeCache (168ms)
			ReleaseScriptCaches (1ms)
			RebuildScriptCaches (41ms)
			SetupLoadedEditorAssemblies (371ms)
				LogAssemblyErrors (0ms)
				InitializePlatformSupportModulesInManaged (3ms)
				SetLoadedEditorAssemblies (0ms)
				RefreshPlugins (76ms)
				BeforeProcessingInitializeOnLoad (75ms)
				ProcessInitializeOnLoadAttributes (178ms)
				ProcessInitializeOnLoadMethodAttributes (31ms)
				AfterProcessingInitializeOnLoad (6ms)
				EditorAssembliesLoaded (0ms)
			ExecutionOrderSort2 (0ms)
			AwakeInstancesAfterBackupRestoration (7ms)
Platform modules already initialized, skipping
========================================================================
Worker process is ready to serve import requests
Launched and connected shader compiler UnityShaderCompiler.exe after 0.04 seconds
Refreshing native plugins compatible for Editor in 1.71 ms, found 4 plugins.
Preloading 0 native plugins for Editor in 0.00 ms.
Unloading 3752 Unused Serialized files (Serialized files now loaded: 0)
Unloading 41 unused Assets / (229.3 KB). Loaded Objects now: 4206.
Memory consumption went from 145.0 MB to 144.8 MB.
Total: 3.264300 ms (FindLiveObjects: 0.316400 ms CreateObjectMapping: 0.224100 ms MarkObjects: 2.554400 ms  DeleteObjects: 0.168800 ms)

AssetImportParameters requested are different than current active one (requested -> active):
  custom:video-decoder-ogg-theora: a1e56fd34408186e4bbccfd4996cb3dc -> 
  custom:container-muxer-webm: aa71ff27fc2769a1b78a27578f13a17b -> 
  custom:container-demuxer-webm: 4f35f7cbe854078d1ac9338744f61a02 -> 
  custom:video-encoder-webm-vp8: eb34c28f22e8b96e1ab97ce403110664 -> 
  custom:audio-encoder-webm-vorbis: bf7c407c2cedff20999df2af8eb42d56 -> 
  custom:framework-win-MediaFoundation: 216162199b28c13a410421893ffa2e32 -> 
  custom:container-demuxer-ogg: 62fdf1f143b41e24485cea50d1cbac27 -> 
  custom:video-decoder-webm-vp8: 9c59270c3fd7afecdb556c50c9e8de78 -> 
  custom:audio-decoder-ogg-vorbis: bf7c407c2cedff20999df2af8eb42d56 -> 
========================================================================
Received Prepare
Registering precompiled user dll's ...
Registered in 0.005280 seconds.
Begin MonoManager ReloadAssembly
Symbol file LoadedFromMemory doesn't match image C:\Users\hstok\OneDrive\Skrivebord\Github\The-Beyonder\The-Beyonder\The Beyonder\Library\PackageCache\com.unity.visualscripting@1.8.0\Editor\VisualScripting.Core\Dependencies\YamlDotNet\Unity.VisualScripting.YamlDotNet.dll
Symbol file LoadedFromMemory doesn't match image C:\Users\hstok\OneDrive\Skrivebord\Github\The-Beyonder\The-Beyonder\The Beyonder\Library\PackageCache\com.unity.visualscripting@1.8.0\Editor\VisualScripting.Core\Dependencies\DotNetZip\Unity.VisualScripting.IonicZip.dll
Native extension for WindowsStandalone target not found
Refreshing native plugins compatible for Editor in 0.60 ms, found 4 plugins.
Preloading 0 native plugins for Editor in 0.00 ms.
Mono: successfully reloaded assembly
- Completed reload, in  0.803 seconds
Domain Reload Profiling:
	ReloadAssembly (804ms)
		BeginReloadAssembly (125ms)
			ExecutionOrderSort (0ms)
			DisableScriptedObjects (6ms)
			BackupInstance (0ms)
			ReleaseScriptingObjects (0ms)
			CreateAndSetChildDomain (35ms)
		EndReloadAssembly (596ms)
			LoadAssemblies (81ms)
			RebuildTransferFunctionScriptingTraits (0ms)
			SetupTypeCache (174ms)
			ReleaseScriptCaches (1ms)
			RebuildScriptCaches (36ms)
			SetupLoadedEditorAssemblies (271ms)
				LogAssemblyErrors (0ms)
				InitializePlatformSupportModulesInManaged (4ms)
				SetLoadedEditorAssemblies (0ms)
				RefreshPlugins (1ms)
				BeforeProcessingInitializeOnLoad (61ms)
				ProcessInitializeOnLoadAttributes (167ms)
				ProcessInitializeOnLoadMethodAttributes (28ms)
				AfterProcessingInitializeOnLoad (9ms)
				EditorAssembliesLoaded (0ms)
			ExecutionOrderSort2 (0ms)
			AwakeInstancesAfterBackupRestoration (6ms)
Platform modules already initialized, skipping
Refreshing native plugins compatible for Editor in 2.03 ms, found 4 plugins.
Preloading 0 native plugins for Editor in 0.00 ms.
Unloading 3746 Unused Serialized files (Serialized files now loaded: 0)
Unloading 28 unused Assets / (195.8 KB). Loaded Objects now: 4209.
Memory consumption went from 144.4 MB to 144.2 MB.
Total: 2.707300 ms (FindLiveObjects: 0.227400 ms CreateObjectMapping: 0.129000 ms MarkObjects: 2.226800 ms  DeleteObjects: 0.123600 ms)

AssetImportParameters requested are different than current active one (requested -> active):
  custom:video-decoder-ogg-theora: a1e56fd34408186e4bbccfd4996cb3dc -> 
  custom:container-muxer-webm: aa71ff27fc2769a1b78a27578f13a17b -> 
  custom:container-demuxer-webm: 4f35f7cbe854078d1ac9338744f61a02 -> 
  custom:video-encoder-webm-vp8: eb34c28f22e8b96e1ab97ce403110664 -> 
  custom:audio-encoder-webm-vorbis: bf7c407c2cedff20999df2af8eb42d56 -> 
  custom:framework-win-MediaFoundation: 216162199b28c13a410421893ffa2e32 -> 
  custom:container-demuxer-ogg: 62fdf1f143b41e24485cea50d1cbac27 -> 
  custom:video-decoder-webm-vp8: 9c59270c3fd7afecdb556c50c9e8de78 -> 
  custom:audio-decoder-ogg-vorbis: bf7c407c2cedff20999df2af8eb42d56 -> 
========================================================================
Received Prepare
Registering precompiled user dll's ...
Registered in 0.005189 seconds.
Begin MonoManager ReloadAssembly
Symbol file LoadedFromMemory doesn't match image C:\Users\hstok\OneDrive\Skrivebord\Github\The-Beyonder\The-Beyonder\The Beyonder\Library\PackageCache\com.unity.visualscripting@1.8.0\Editor\VisualScripting.Core\Dependencies\YamlDotNet\Unity.VisualScripting.YamlDotNet.dll
Symbol file LoadedFromMemory doesn't match image C:\Users\hstok\OneDrive\Skrivebord\Github\The-Beyonder\The-Beyonder\The Beyonder\Library\PackageCache\com.unity.visualscripting@1.8.0\Editor\VisualScripting.Core\Dependencies\DotNetZip\Unity.VisualScripting.IonicZip.dll
Native extension for WindowsStandalone target not found
Refreshing native plugins compatible for Editor in 1.05 ms, found 4 plugins.
Preloading 0 native plugins for Editor in 0.00 ms.
Mono: successfully reloaded assembly
- Completed reload, in  0.802 seconds
Domain Reload Profiling:
	ReloadAssembly (802ms)
		BeginReloadAssembly (129ms)
			ExecutionOrderSort (0ms)
			DisableScriptedObjects (5ms)
			BackupInstance (0ms)
			ReleaseScriptingObjects (0ms)
			CreateAndSetChildDomain (35ms)
		EndReloadAssembly (594ms)
			LoadAssemblies (87ms)
			RebuildTransferFunctionScriptingTraits (0ms)
			SetupTypeCache (173ms)
			ReleaseScriptCaches (2ms)
			RebuildScriptCaches (37ms)
			SetupLoadedEditorAssemblies (271ms)
				LogAssemblyErrors (0ms)
				InitializePlatformSupportModulesInManaged (5ms)
				SetLoadedEditorAssemblies (0ms)
				RefreshPlugins (1ms)
				BeforeProcessingInitializeOnLoad (60ms)
				ProcessInitializeOnLoadAttributes (169ms)
				ProcessInitializeOnLoadMethodAttributes (29ms)
				AfterProcessingInitializeOnLoad (7ms)
				EditorAssembliesLoaded (0ms)
			ExecutionOrderSort2 (0ms)
			AwakeInstancesAfterBackupRestoration (5ms)
Platform modules already initialized, skipping
Refreshing native plugins compatible for Editor in 2.11 ms, found 4 plugins.
Preloading 0 native plugins for Editor in 0.00 ms.
Unloading 3746 Unused Serialized files (Serialized files now loaded: 0)
Unloading 28 unused Assets / (195.7 KB). Loaded Objects now: 4212.
Memory consumption went from 144.4 MB to 144.2 MB.
Total: 2.573200 ms (FindLiveObjects: 0.255900 ms CreateObjectMapping: 0.088500 ms MarkObjects: 2.105900 ms  DeleteObjects: 0.122500 ms)

AssetImportParameters requested are different than current active one (requested -> active):
  custom:video-decoder-ogg-theora: a1e56fd34408186e4bbccfd4996cb3dc -> 
  custom:container-muxer-webm: aa71ff27fc2769a1b78a27578f13a17b -> 
  custom:container-demuxer-webm: 4f35f7cbe854078d1ac9338744f61a02 -> 
  custom:video-encoder-webm-vp8: eb34c28f22e8b96e1ab97ce403110664 -> 
  custom:audio-encoder-webm-vorbis: bf7c407c2cedff20999df2af8eb42d56 -> 
  custom:framework-win-MediaFoundation: 216162199b28c13a410421893ffa2e32 -> 
  custom:container-demuxer-ogg: 62fdf1f143b41e24485cea50d1cbac27 -> 
  custom:video-decoder-webm-vp8: 9c59270c3fd7afecdb556c50c9e8de78 -> 
  custom:audio-decoder-ogg-vorbis: bf7c407c2cedff20999df2af8eb42d56 -> 
========================================================================
Received Import Request.
  Time since last request: 79450.421102 seconds.
  path: Assets/Tiles/grass_tileset_16x16_4.asset
  artifactKey: Guid(85b11f45a5dda774f818ec019b78ea2a) Importer(815301076,1909f56bfc062723c751e8b465ee728b)
Start importing Assets/Tiles/grass_tileset_16x16_4.asset using Guid(85b11f45a5dda774f818ec019b78ea2a) Importer(815301076,1909f56bfc062723c751e8b465ee728b)  -> (artifact id: '1045a79f3c558c0500ca58f329e8ae55') in 0.063493 seconds 
========================================================================
Received Import Request.
  Time since last request: 0.000023 seconds.
  path: Assets/Tiles/grass_tileset_16x16_33.asset
  artifactKey: Guid(828a817990603db41be782137e40b328) Importer(815301076,1909f56bfc062723c751e8b465ee728b)
Start importing Assets/Tiles/grass_tileset_16x16_33.asset using Guid(828a817990603db41be782137e40b328) Importer(815301076,1909f56bfc062723c751e8b465ee728b)  -> (artifact id: 'c48af4fdf0e3558b0a2511ab00f664ed') in 0.009879 seconds 
========================================================================
Received Import Request.
  Time since last request: 0.000034 seconds.
  path: Assets/Tiles/grass_tileset_16x16_14.asset
  artifactKey: Guid(c426522fc71d6e549a041895326b7a6b) Importer(815301076,1909f56bfc062723c751e8b465ee728b)
Start importing Assets/Tiles/grass_tileset_16x16_14.asset using Guid(c426522fc71d6e549a041895326b7a6b) Importer(815301076,1909f56bfc062723c751e8b465ee728b)  -> (artifact id: '27f76e6d0456765d7b030ccda152cf89') in 0.009959 seconds 
========================================================================
Received Import Request.
  Time since last request: 0.000012 seconds.
  path: Assets/Tiles/grass_tileset_16x16_45.asset
  artifactKey: Guid(b4ec557354b49ff498a52613bbabd7a7) Importer(815301076,1909f56bfc062723c751e8b465ee728b)
Start importing Assets/Tiles/grass_tileset_16x16_45.asset using Guid(b4ec557354b49ff498a52613bbabd7a7) Importer(815301076,1909f56bfc062723c751e8b465ee728b)  -> (artifact id: 'b1f0cab57232df4ab273ceb4c72f30e0') in 0.007055 seconds 
========================================================================
Received Import Request.
  Time since last request: 0.000017 seconds.
  path: Assets/Tiles/grass_tileset_16x16_19.asset
  artifactKey: Guid(ed3985d711d0c44409c4f534df580cfb) Importer(815301076,1909f56bfc062723c751e8b465ee728b)
Start importing Assets/Tiles/grass_tileset_16x16_19.asset using Guid(ed3985d711d0c44409c4f534df580cfb) Importer(815301076,1909f56bfc062723c751e8b465ee728b)  -> (artifact id: '7216b3d91bef9878d2776519368dd9ef') in 0.008304 seconds 
========================================================================
Received Import Request.
  Time since last request: 0.000014 seconds.
  path: Assets/Tiles/grass_tileset_16x16_16.asset
  artifactKey: Guid(050353ccf635ede4585a4ef7d0cb7173) Importer(815301076,1909f56bfc062723c751e8b465ee728b)
Start importing Assets/Tiles/grass_tileset_16x16_16.asset using Guid(050353ccf635ede4585a4ef7d0cb7173) Importer(815301076,1909f56bfc062723c751e8b465ee728b)  -> (artifact id: 'e3f3ddd44f3348b21d85edbe12b0e0de') in 0.008487 seconds 
========================================================================
Received Import Request.
  Time since last request: 0.000013 seconds.
  path: Assets/Tiles/grass_tileset_16x16_52.asset
  artifactKey: Guid(ffda57c3b0d1150448e5f279e0ca4ec0) Importer(815301076,1909f56bfc062723c751e8b465ee728b)
Start importing Assets/Tiles/grass_tileset_16x16_52.asset using Guid(ffda57c3b0d1150448e5f279e0ca4ec0) Importer(815301076,1909f56bfc062723c751e8b465ee728b)  -> (artifact id: '0f93fb8b72e7a8bea038b9c45a5ddbfd') in 0.008195 seconds 
========================================================================
Received Import Request.
  Time since last request: 0.000013 seconds.
  path: Assets/Tiles/grass_tileset_16x16_31.asset
  artifactKey: Guid(bf98f755f54f35d48b31374444be32a8) Importer(815301076,1909f56bfc062723c751e8b465ee728b)
Start importing Assets/Tiles/grass_tileset_16x16_31.asset using Guid(bf98f755f54f35d48b31374444be32a8) Importer(815301076,1909f56bfc062723c751e8b465ee728b)  -> (artifact id: '69afdffa9054870fee36ece5dfa300dd') in 0.013616 seconds 
========================================================================
Received Import Request.
  Time since last request: 0.000014 seconds.
  path: Assets/Tiles/grass_tileset_16x16_42.asset
  artifactKey: Guid(bb2df1db4c3c06842a72675209b14bd7) Importer(815301076,1909f56bfc062723c751e8b465ee728b)
Start importing Assets/Tiles/grass_tileset_16x16_42.asset using Guid(bb2df1db4c3c06842a72675209b14bd7) Importer(815301076,1909f56bfc062723c751e8b465ee728b)  -> (artifact id: '1fca44afeadb63b23780239f7368712e') in 0.009444 seconds 
========================================================================
Received Import Request.
  Time since last request: 0.000013 seconds.
  path: Assets/Tiles/grass_tileset_16x16_10.asset
  artifactKey: Guid(1a2e9e5ff5a19e341993f77d0b5faaba) Importer(815301076,1909f56bfc062723c751e8b465ee728b)
Start importing Assets/Tiles/grass_tileset_16x16_10.asset using Guid(1a2e9e5ff5a19e341993f77d0b5faaba) Importer(815301076,1909f56bfc062723c751e8b465ee728b)  -> (artifact id: '7e5dc9d50a2fc6784f23e4d304d3ea03') in 0.008938 seconds 
========================================================================
Received Import Request.
  Time since last request: 0.000013 seconds.
  path: Assets/Tiles/grass_tileset_16x16_48.asset
  artifactKey: Guid(c51b08103cfa752418c6387ac3f83091) Importer(815301076,1909f56bfc062723c751e8b465ee728b)
Start importing Assets/Tiles/grass_tileset_16x16_48.asset using Guid(c51b08103cfa752418c6387ac3f83091) Importer(815301076,1909f56bfc062723c751e8b465ee728b)  -> (artifact id: 'ba5aae7c50114381f95c8a1f693c98ff') in 0.008757 seconds 
========================================================================
Received Import Request.
  Time since last request: 0.000015 seconds.
  path: Assets/Tiles/grass_tileset_16x16_21.asset
  artifactKey: Guid(b74cf502195ae334cb28cca7680844e4) Importer(815301076,1909f56bfc062723c751e8b465ee728b)
Start importing Assets/Tiles/grass_tileset_16x16_21.asset using Guid(b74cf502195ae334cb28cca7680844e4) Importer(815301076,1909f56bfc062723c751e8b465ee728b)  -> (artifact id: 'a87c5a0964c05a835135f10bed2b5f43') in 0.008439 seconds 
========================================================================
Received Import Request.
  Time since last request: 0.000017 seconds.
  path: Assets/Tiles/grass_tileset_16x16_8.asset
  artifactKey: Guid(775da671e6cc43441999fd6a799aecf3) Importer(815301076,1909f56bfc062723c751e8b465ee728b)
Start importing Assets/Tiles/grass_tileset_16x16_8.asset using Guid(775da671e6cc43441999fd6a799aecf3) Importer(815301076,1909f56bfc062723c751e8b465ee728b)  -> (artifact id: '9ef15b34c25ad06e7ae4da9e40afc014') in 0.009987 seconds 
========================================================================
Received Import Request.
  Time since last request: 0.000013 seconds.
  path: Assets/Tiles/grass_tileset_16x16_30.asset
  artifactKey: Guid(0600539d071236d4fbe26e130cc7e5e7) Importer(815301076,1909f56bfc062723c751e8b465ee728b)
Start importing Assets/Tiles/grass_tileset_16x16_30.asset using Guid(0600539d071236d4fbe26e130cc7e5e7) Importer(815301076,1909f56bfc062723c751e8b465ee728b)  -> (artifact id: '4236a886515d347381c837c2f892dc36') in 0.009471 seconds 
========================================================================
Received Import Request.
  Time since last request: 0.000013 seconds.
  path: Assets/Tiles/grass_tileset_16x16_38.asset
  artifactKey: Guid(c8ba2ac6d3ad8214ba2b4fdc8038696b) Importer(815301076,1909f56bfc062723c751e8b465ee728b)
Start importing Assets/Tiles/grass_tileset_16x16_38.asset using Guid(c8ba2ac6d3ad8214ba2b4fdc8038696b) Importer(815301076,1909f56bfc062723c751e8b465ee728b)  -> (artifact id: 'db9ae37e5168d54d6f3f5b27ffd9fc9c') in 0.008590 seconds 
========================================================================
Received Import Request.
  Time since last request: 0.000013 seconds.
  path: Assets/Tiles/grass_tileset_16x16_26.asset
  artifactKey: Guid(d9ad7c31e78f9b2439eadf0ebab9ff9d) Importer(815301076,1909f56bfc062723c751e8b465ee728b)
Start importing Assets/Tiles/grass_tileset_16x16_26.asset using Guid(d9ad7c31e78f9b2439eadf0ebab9ff9d) Importer(815301076,1909f56bfc062723c751e8b465ee728b)  -> (artifact id: '52b463afaa78193df7da980f13e05b26') in 0.008367 seconds 
========================================================================
Received Import Request.
  Time since last request: 0.000015 seconds.
  path: Assets/Tiles/grass_tileset_16x16_12.asset
  artifactKey: Guid(f928c21f718b84f4aaadc0c989142607) Importer(815301076,1909f56bfc062723c751e8b465ee728b)
Start importing Assets/Tiles/grass_tileset_16x16_12.asset using Guid(f928c21f718b84f4aaadc0c989142607) Importer(815301076,1909f56bfc062723c751e8b465ee728b)  -> (artifact id: '17568a45b2390af5bf7f10e67051b7d3') in 0.011822 seconds 
========================================================================
Received Import Request.
  Time since last request: 0.000018 seconds.
  path: Assets/Tiles/grass_tileset_16x16_24.asset
  artifactKey: Guid(609f6ddabe4310442bc9af764ce3b5ca) Importer(815301076,1909f56bfc062723c751e8b465ee728b)
Start importing Assets/Tiles/grass_tileset_16x16_24.asset using Guid(609f6ddabe4310442bc9af764ce3b5ca) Importer(815301076,1909f56bfc062723c751e8b465ee728b)  -> (artifact id: 'f67fee240280c5f52613147318e46029') in 0.010596 seconds 
========================================================================
Received Import Request.
  Time since last request: 0.000016 seconds.
  path: Assets/Tiles/grass_tileset_16x16_36.asset
  artifactKey: Guid(1fd96e9a4abc7314e8a64bccf019cc3f) Importer(815301076,1909f56bfc062723c751e8b465ee728b)
Start importing Assets/Tiles/grass_tileset_16x16_36.asset using Guid(1fd96e9a4abc7314e8a64bccf019cc3f) Importer(815301076,1909f56bfc062723c751e8b465ee728b)  -> (artifact id: '1959daddec659cb9ebddc58a107d6dc9') in 0.009371 seconds 
========================================================================
Received Import Request.
  Time since last request: 0.000021 seconds.
  path: Assets/Tiles/grass_tileset_16x16_43.asset
  artifactKey: Guid(3b5927dd5abf21a4ab9a050e8c1b05db) Importer(815301076,1909f56bfc062723c751e8b465ee728b)
Start importing Assets/Tiles/grass_tileset_16x16_43.asset using Guid(3b5927dd5abf21a4ab9a050e8c1b05db) Importer(815301076,1909f56bfc062723c751e8b465ee728b)  -> (artifact id: '4d79f3957fb6446e0f19226a6d24b747') in 0.008584 seconds 
========================================================================
Received Import Request.
  Time since last request: 0.000015 seconds.
  path: Assets/Tiles/grass_tileset_16x16_25.asset
  artifactKey: Guid(88cf865c4e4c00b42875dc75c25fc512) Importer(815301076,1909f56bfc062723c751e8b465ee728b)
Start importing Assets/Tiles/grass_tileset_16x16_25.asset using Guid(88cf865c4e4c00b42875dc75c25fc512) Importer(815301076,1909f56bfc062723c751e8b465ee728b)  -> (artifact id: 'f63017311f5c78ba60582c6efbe8b11a') in 0.008278 seconds 
========================================================================
Received Import Request.
  Time since last request: 0.000013 seconds.
  path: Assets/Tiles/grass_tileset_16x16_29.asset
  artifactKey: Guid(a71eef0bc182e37469e034879a9b9a6f) Importer(815301076,1909f56bfc062723c751e8b465ee728b)
Start importing Assets/Tiles/grass_tileset_16x16_29.asset using Guid(a71eef0bc182e37469e034879a9b9a6f) Importer(815301076,1909f56bfc062723c751e8b465ee728b)  -> (artifact id: 'f7e7e865f8c71d77313b9cca8b6f6d0b') in 0.009670 seconds 
========================================================================
Received Import Request.
  Time since last request: 0.000015 seconds.
  path: Assets/Tiles/grass_tileset_16x16_50.asset
  artifactKey: Guid(5833356804af20842b8cb84780e4214b) Importer(815301076,1909f56bfc062723c751e8b465ee728b)
Start importing Assets/Tiles/grass_tileset_16x16_50.asset using Guid(5833356804af20842b8cb84780e4214b) Importer(815301076,1909f56bfc062723c751e8b465ee728b)  -> (artifact id: 'e0d744278ec0d61bcff661f671611bee') in 0.007733 seconds 
========================================================================
Received Import Request.
  Time since last request: 0.000015 seconds.
  path: Assets/Tiles/grass_tileset_16x16_17.asset
  artifactKey: Guid(e461f0aee32e3204da24bcc183f00b2f) Importer(815301076,1909f56bfc062723c751e8b465ee728b)
Start importing Assets/Tiles/grass_tileset_16x16_17.asset using Guid(e461f0aee32e3204da24bcc183f00b2f) Importer(815301076,1909f56bfc062723c751e8b465ee728b)  -> (artifact id: '572d146fd42b6caf576e32b0328e3911') in 0.008354 seconds 
========================================================================
Received Import Request.
  Time since last request: 0.000016 seconds.
  path: Assets/Tiles/grass_tileset_16x16_20.asset
  artifactKey: Guid(63eb123191d213e4f97524732da01d8d) Importer(815301076,1909f56bfc062723c751e8b465ee728b)
Start importing Assets/Tiles/grass_tileset_16x16_20.asset using Guid(63eb123191d213e4f97524732da01d8d) Importer(815301076,1909f56bfc062723c751e8b465ee728b)  -> (artifact id: '31c603ff9a79c2ee2a937da2306b2fe4') in 0.007914 seconds 
Editor requested this worker to shutdown with reason: Scaling down because of idle timeout
AssetImportWorker is now disconnected from the server
Process exiting
Exiting without the bug reporter. Application will terminate with return code 0